{"/home/openclaw/workarea/compliance-tracker/src/app/api/obligations/route.ts": {"path":"/home/openclaw/workarea/compliance-tracker/src/app/api/obligations/route.ts","statementMap":{"0":{"start":{"line":10,"column":2},"end":{"line":65,"column":null}},"1":{"start":{"line":11,"column":29},"end":{"line":11,"column":null}},"2":{"start":{"line":12,"column":21},"end":{"line":12,"column":49}},"3":{"start":{"line":13,"column":25},"end":{"line":13,"column":51}},"4":{"start":{"line":14,"column":22},"end":{"line":14,"column":52}},"5":{"start":{"line":15,"column":18},"end":{"line":15,"column":43}},"6":{"start":{"line":16,"column":19},"end":{"line":16,"column":45}},"7":{"start":{"line":17,"column":19},"end":{"line":17,"column":null}},"8":{"start":{"line":18,"column":20},"end":{"line":18,"column":null}},"9":{"start":{"line":20,"column":23},"end":{"line":20,"column":25}},"10":{"start":{"line":21,"column":4},"end":{"line":21,"column":null}},"11":{"start":{"line":21,"column":18},"end":{"line":21,"column":null}},"12":{"start":{"line":22,"column":4},"end":{"line":22,"column":null}},"13":{"start":{"line":22,"column":19},"end":{"line":22,"column":null}},"14":{"start":{"line":23,"column":4},"end":{"line":23,"column":null}},"15":{"start":{"line":23,"column":15},"end":{"line":23,"column":null}},"16":{"start":{"line":24,"column":4},"end":{"line":24,"column":null}},"17":{"start":{"line":24,"column":16},"end":{"line":24,"column":null}},"18":{"start":{"line":26,"column":17},"end":{"line":29,"column":68}},"19":{"start":{"line":31,"column":19},"end":{"line":38,"column":null}},"20":{"start":{"line":32,"column":12},"end":{"line":32,"column":76}},"21":{"start":{"line":33,"column":6},"end":{"line":37,"column":null}},"22":{"start":{"line":40,"column":21},"end":{"line":40,"column":null}},"23":{"start":{"line":40,"column":55},"end":{"line":40,"column":81}},"24":{"start":{"line":42,"column":19},"end":{"line":60,"column":null}},"25":{"start":{"line":43,"column":34},"end":{"line":43,"column":null}},"26":{"start":{"line":44,"column":34},"end":{"line":44,"column":null}},"27":{"start":{"line":45,"column":6},"end":{"line":55,"column":null}},"28":{"start":{"line":46,"column":30},"end":{"line":46,"column":52}},"29":{"start":{"line":46,"column":52},"end":{"line":46,"column":74}},"30":{"start":{"line":46,"column":74},"end":{"line":46,"column":null}},"31":{"start":{"line":47,"column":22},"end":{"line":47,"column":38}},"32":{"start":{"line":47,"column":38},"end":{"line":47,"column":54}},"33":{"start":{"line":47,"column":54},"end":{"line":47,"column":null}},"34":{"start":{"line":48,"column":25},"end":{"line":48,"column":44}},"35":{"start":{"line":48,"column":44},"end":{"line":48,"column":63}},"36":{"start":{"line":48,"column":63},"end":{"line":48,"column":null}},"37":{"start":{"line":50,"column":24},"end":{"line":50,"column":null}},"38":{"start":{"line":51,"column":10},"end":{"line":51,"column":null}},"39":{"start":{"line":52,"column":10},"end":{"line":52,"column":null}},"40":{"start":{"line":53,"column":10},"end":{"line":53,"column":null}},"41":{"start":{"line":55,"column":17},"end":{"line":55,"column":39}},"42":{"start":{"line":55,"column":39},"end":{"line":55,"column":null}},"43":{"start":{"line":57,"column":6},"end":{"line":57,"column":null}},"44":{"start":{"line":57,"column":23},"end":{"line":57,"column":null}},"45":{"start":{"line":58,"column":6},"end":{"line":58,"column":null}},"46":{"start":{"line":58,"column":23},"end":{"line":58,"column":null}},"47":{"start":{"line":59,"column":6},"end":{"line":59,"column":null}},"48":{"start":{"line":62,"column":4},"end":{"line":62,"column":null}},"49":{"start":{"line":64,"column":4},"end":{"line":64,"column":null}},"50":{"start":{"line":65,"column":4},"end":{"line":65,"column":null}},"51":{"start":{"line":70,"column":2},"end":{"line":112,"column":null}},"52":{"start":{"line":71,"column":17},"end":{"line":71,"column":33}},"53":{"start":{"line":74,"column":19},"end":{"line":74,"column":57}},"54":{"start":{"line":75,"column":4},"end":{"line":76,"column":null}},"55":{"start":{"line":76,"column":6},"end":{"line":76,"column":null}},"56":{"start":{"line":79,"column":17},"end":{"line":79,"column":null}},"57":{"start":{"line":80,"column":16},"end":{"line":80,"column":40}},"58":{"start":{"line":81,"column":10},"end":{"line":81,"column":21}},"59":{"start":{"line":83,"column":10},"end":{"line":83,"column":82}},"60":{"start":{"line":85,"column":4},"end":{"line":107,"column":null}},"61":{"start":{"line":109,"column":4},"end":{"line":109,"column":null}},"62":{"start":{"line":111,"column":4},"end":{"line":111,"column":null}},"63":{"start":{"line":112,"column":4},"end":{"line":112,"column":null}}},"fnMap":{"0":{"name":"GET","decl":{"start":{"line":9,"column":22},"end":{"line":9,"column":26}},"loc":{"start":{"line":9,"column":44},"end":{"line":65,"column":null}},"line":9},"1":{"name":"(anonymous_1)","decl":{"start":{"line":31,"column":24},"end":{"line":31,"column":28}},"loc":{"start":{"line":31,"column":35},"end":{"line":38,"column":null}},"line":31},"2":{"name":"(anonymous_2)","decl":{"start":{"line":40,"column":43},"end":{"line":40,"column":50}},"loc":{"start":{"line":40,"column":55},"end":{"line":40,"column":81}},"line":40},"3":{"name":"(anonymous_3)","decl":{"start":{"line":42,"column":33},"end":{"line":42,"column":39}},"loc":{"start":{"line":42,"column":48},"end":{"line":60,"column":null}},"line":42},"4":{"name":"POST","decl":{"start":{"line":69,"column":22},"end":{"line":69,"column":27}},"loc":{"start":{"line":69,"column":45},"end":{"line":112,"column":null}},"line":69}},"branchMap":{"0":{"loc":{"start":{"line":17,"column":19},"end":{"line":17,"column":null}},"type":"binary-expr","locations":[{"start":{"line":17,"column":19},"end":{"line":17,"column":46}},{"start":{"line":17,"column":50},"end":{"line":17,"column":null}}],"line":17},"1":{"loc":{"start":{"line":18,"column":20},"end":{"line":18,"column":null}},"type":"binary-expr","locations":[{"start":{"line":18,"column":20},"end":{"line":18,"column":48}},{"start":{"line":18,"column":52},"end":{"line":18,"column":null}}],"line":18},"2":{"loc":{"start":{"line":21,"column":4},"end":{"line":21,"column":null}},"type":"if","locations":[{"start":{"line":21,"column":4},"end":{"line":21,"column":null}},{"start":{},"end":{}}],"line":21},"3":{"loc":{"start":{"line":22,"column":4},"end":{"line":22,"column":null}},"type":"if","locations":[{"start":{"line":22,"column":4},"end":{"line":22,"column":null}},{"start":{},"end":{}}],"line":22},"4":{"loc":{"start":{"line":23,"column":4},"end":{"line":23,"column":null}},"type":"if","locations":[{"start":{"line":23,"column":4},"end":{"line":23,"column":null}},{"start":{},"end":{}}],"line":23},"5":{"loc":{"start":{"line":24,"column":4},"end":{"line":24,"column":null}},"type":"if","locations":[{"start":{"line":24,"column":4},"end":{"line":24,"column":null}},{"start":{},"end":{}}],"line":24},"6":{"loc":{"start":{"line":29,"column":13},"end":{"line":29,"column":68}},"type":"cond-expr","locations":[{"start":{"line":29,"column":33},"end":{"line":29,"column":55}},{"start":{"line":29,"column":58},"end":{"line":29,"column":68}}],"line":29},"7":{"loc":{"start":{"line":35,"column":30},"end":{"line":35,"column":52}},"type":"binary-expr","locations":[{"start":{"line":35,"column":30},"end":{"line":35,"column":47}},{"start":{"line":35,"column":47},"end":{"line":35,"column":52}}],"line":35},"8":{"loc":{"start":{"line":40,"column":21},"end":{"line":40,"column":null}},"type":"cond-expr","locations":[{"start":{"line":40,"column":36},"end":{"line":40,"column":81}},{"start":{"line":40,"column":84},"end":{"line":40,"column":null}}],"line":40},"9":{"loc":{"start":{"line":45,"column":6},"end":{"line":55,"column":null}},"type":"switch","locations":[{"start":{"line":46,"column":8},"end":{"line":46,"column":null}},{"start":{"line":47,"column":8},"end":{"line":47,"column":null}},{"start":{"line":48,"column":8},"end":{"line":48,"column":null}},{"start":{"line":49,"column":8},"end":{"line":53,"column":null}},{"start":{"line":55,"column":8},"end":{"line":55,"column":null}}],"line":45},"10":{"loc":{"start":{"line":51,"column":17},"end":{"line":51,"column":null}},"type":"binary-expr","locations":[{"start":{"line":51,"column":17},"end":{"line":51,"column":61}},{"start":{"line":51,"column":61},"end":{"line":51,"column":null}}],"line":51},"11":{"loc":{"start":{"line":52,"column":17},"end":{"line":52,"column":null}},"type":"binary-expr","locations":[{"start":{"line":52,"column":17},"end":{"line":52,"column":61}},{"start":{"line":52,"column":61},"end":{"line":52,"column":null}}],"line":52},"12":{"loc":{"start":{"line":57,"column":6},"end":{"line":57,"column":null}},"type":"if","locations":[{"start":{"line":57,"column":6},"end":{"line":57,"column":null}},{"start":{},"end":{}}],"line":57},"13":{"loc":{"start":{"line":57,"column":30},"end":{"line":57,"column":null}},"type":"cond-expr","locations":[{"start":{"line":57,"column":50},"end":{"line":57,"column":55}},{"start":{"line":57,"column":55},"end":{"line":57,"column":null}}],"line":57},"14":{"loc":{"start":{"line":58,"column":6},"end":{"line":58,"column":null}},"type":"if","locations":[{"start":{"line":58,"column":6},"end":{"line":58,"column":null}},{"start":{},"end":{}}],"line":58},"15":{"loc":{"start":{"line":58,"column":30},"end":{"line":58,"column":null}},"type":"cond-expr","locations":[{"start":{"line":58,"column":50},"end":{"line":58,"column":54}},{"start":{"line":58,"column":54},"end":{"line":58,"column":null}}],"line":58},"16":{"loc":{"start":{"line":75,"column":4},"end":{"line":76,"column":null}},"type":"if","locations":[{"start":{"line":75,"column":4},"end":{"line":76,"column":null}},{"start":{},"end":{}}],"line":75},"17":{"loc":{"start":{"line":83,"column":51},"end":{"line":83,"column":82}},"type":"binary-expr","locations":[{"start":{"line":83,"column":51},"end":{"line":83,"column":77}},{"start":{"line":83,"column":77},"end":{"line":83,"column":82}}],"line":83},"18":{"loc":{"start":{"line":88,"column":19},"end":{"line":88,"column":null}},"type":"binary-expr","locations":[{"start":{"line":88,"column":19},"end":{"line":88,"column":39}},{"start":{"line":88,"column":39},"end":{"line":88,"column":null}}],"line":88},"19":{"loc":{"start":{"line":90,"column":19},"end":{"line":90,"column":null}},"type":"binary-expr","locations":[{"start":{"line":90,"column":19},"end":{"line":90,"column":39}},{"start":{"line":90,"column":39},"end":{"line":90,"column":null}}],"line":90},"20":{"loc":{"start":{"line":93,"column":25},"end":{"line":93,"column":null}},"type":"binary-expr","locations":[{"start":{"line":93,"column":25},"end":{"line":93,"column":51}},{"start":{"line":93,"column":51},"end":{"line":93,"column":null}}],"line":93},"21":{"loc":{"start":{"line":95,"column":16},"end":{"line":95,"column":null}},"type":"binary-expr","locations":[{"start":{"line":95,"column":16},"end":{"line":95,"column":33}},{"start":{"line":95,"column":33},"end":{"line":95,"column":null}}],"line":95},"22":{"loc":{"start":{"line":99,"column":22},"end":{"line":99,"column":null}},"type":"binary-expr","locations":[{"start":{"line":99,"column":22},"end":{"line":99,"column":45}},{"start":{"line":99,"column":45},"end":{"line":99,"column":null}}],"line":99},"23":{"loc":{"start":{"line":100,"column":13},"end":{"line":100,"column":null}},"type":"binary-expr","locations":[{"start":{"line":100,"column":13},"end":{"line":100,"column":27}},{"start":{"line":100,"column":27},"end":{"line":100,"column":null}}],"line":100},"24":{"loc":{"start":{"line":102,"column":20},"end":{"line":102,"column":null}},"type":"binary-expr","locations":[{"start":{"line":102,"column":20},"end":{"line":102,"column":41}},{"start":{"line":102,"column":41},"end":{"line":102,"column":null}}],"line":102},"25":{"loc":{"start":{"line":103,"column":14},"end":{"line":103,"column":null}},"type":"binary-expr","locations":[{"start":{"line":103,"column":14},"end":{"line":103,"column":29}},{"start":{"line":103,"column":29},"end":{"line":103,"column":null}}],"line":103}},"s":{"0":4,"1":4,"2":4,"3":4,"4":4,"5":4,"6":4,"7":4,"8":4,"9":4,"10":4,"11":1,"12":4,"13":0,"14":4,"15":0,"16":4,"17":1,"18":4,"19":4,"20":0,"21":0,"22":4,"23":0,"24":4,"25":0,"26":0,"27":0,"28":0,"29":0,"30":0,"31":0,"32":0,"33":0,"34":0,"35":0,"36":0,"37":0,"38":0,"39":0,"40":0,"41":0,"42":0,"43":0,"44":0,"45":0,"46":0,"47":0,"48":4,"49":0,"50":0,"51":5,"52":5,"53":5,"54":5,"55":4,"56":1,"57":1,"58":1,"59":1,"60":5,"61":1,"62":0,"63":0},"f":{"0":4,"1":0,"2":0,"3":0,"4":5},"b":{"0":[4,4],"1":[4,4],"2":[1,3],"3":[0,4],"4":[0,4],"5":[1,3],"6":[2,2],"7":[0,0],"8":[1,3],"9":[0,0,0,0,0],"10":[0,0],"11":[0,0],"12":[0,0],"13":[0,0],"14":[0,0],"15":[0,0],"16":[4,1],"17":[1,1],"18":[5,1],"19":[5,1],"20":[5,1],"21":[5,1],"22":[5,1],"23":[5,1],"24":[5,1],"25":[5,1]},"meta":{"lastBranch":26,"lastFunction":5,"lastStatement":64,"seen":{"f:9:22:9:26":0,"s:10:2:65:Infinity":0,"s:11:29:11:Infinity":1,"s:12:21:12:49":2,"s:13:25:13:51":3,"s:14:22:14:52":4,"s:15:18:15:43":5,"s:16:19:16:45":6,"s:17:19:17:Infinity":7,"b:17:19:17:46:17:50:17:Infinity":0,"s:18:20:18:Infinity":8,"b:18:20:18:48:18:52:18:Infinity":1,"s:20:23:20:25":9,"b:21:4:21:Infinity:undefined:undefined:undefined:undefined":2,"s:21:4:21:Infinity":10,"s:21:18:21:Infinity":11,"b:22:4:22:Infinity:undefined:undefined:undefined:undefined":3,"s:22:4:22:Infinity":12,"s:22:19:22:Infinity":13,"b:23:4:23:Infinity:undefined:undefined:undefined:undefined":4,"s:23:4:23:Infinity":14,"s:23:15:23:Infinity":15,"b:24:4:24:Infinity:undefined:undefined:undefined:undefined":5,"s:24:4:24:Infinity":16,"s:24:16:24:Infinity":17,"s:26:17:29:68":18,"b:29:33:29:55:29:58:29:68":6,"s:31:19:38:Infinity":19,"f:31:24:31:28":1,"s:32:12:32:76":20,"s:33:6:37:Infinity":21,"b:35:30:35:47:35:47:35:52":7,"s:40:21:40:Infinity":22,"b:40:36:40:81:40:84:40:Infinity":8,"f:40:43:40:50":2,"s:40:55:40:81":23,"s:42:19:60:Infinity":24,"f:42:33:42:39":3,"s:43:34:43:Infinity":25,"s:44:34:44:Infinity":26,"b:46:8:46:Infinity:47:8:47:Infinity:48:8:48:Infinity:49:8:53:Infinity:55:8:55:Infinity":9,"s:45:6:55:Infinity":27,"s:46:30:46:52":28,"s:46:52:46:74":29,"s:46:74:46:Infinity":30,"s:47:22:47:38":31,"s:47:38:47:54":32,"s:47:54:47:Infinity":33,"s:48:25:48:44":34,"s:48:44:48:63":35,"s:48:63:48:Infinity":36,"s:50:24:50:Infinity":37,"s:51:10:51:Infinity":38,"b:51:17:51:61:51:61:51:Infinity":10,"s:52:10:52:Infinity":39,"b:52:17:52:61:52:61:52:Infinity":11,"s:53:10:53:Infinity":40,"s:55:17:55:39":41,"s:55:39:55:Infinity":42,"b:57:6:57:Infinity:undefined:undefined:undefined:undefined":12,"s:57:6:57:Infinity":43,"s:57:23:57:Infinity":44,"b:57:50:57:55:57:55:57:Infinity":13,"b:58:6:58:Infinity:undefined:undefined:undefined:undefined":14,"s:58:6:58:Infinity":45,"s:58:23:58:Infinity":46,"b:58:50:58:54:58:54:58:Infinity":15,"s:59:6:59:Infinity":47,"s:62:4:62:Infinity":48,"s:64:4:64:Infinity":49,"s:65:4:65:Infinity":50,"f:69:22:69:27":4,"s:70:2:112:Infinity":51,"s:71:17:71:33":52,"s:74:19:74:57":53,"b:75:4:76:Infinity:undefined:undefined:undefined:undefined":16,"s:75:4:76:Infinity":54,"s:76:6:76:Infinity":55,"s:79:17:79:Infinity":56,"s:80:16:80:40":57,"s:81:10:81:21":58,"s:83:10:83:82":59,"b:83:51:83:77:83:77:83:82":17,"s:85:4:107:Infinity":60,"b:88:19:88:39:88:39:88:Infinity":18,"b:90:19:90:39:90:39:90:Infinity":19,"b:93:25:93:51:93:51:93:Infinity":20,"b:95:16:95:33:95:33:95:Infinity":21,"b:99:22:99:45:99:45:99:Infinity":22,"b:100:13:100:27:100:27:100:Infinity":23,"b:102:20:102:41:102:41:102:Infinity":24,"b:103:14:103:29:103:29:103:Infinity":25,"s:109:4:109:Infinity":61,"s:111:4:111:Infinity":62,"s:112:4:112:Infinity":63}}}
,"/home/openclaw/workarea/compliance-tracker/src/app/api/obligations/[id]/route.ts": {"path":"/home/openclaw/workarea/compliance-tracker/src/app/api/obligations/[id]/route.ts","statementMap":{"0":{"start":{"line":12,"column":2},"end":{"line":28,"column":null}},"1":{"start":{"line":13,"column":17},"end":{"line":13,"column":89}},"2":{"start":{"line":14,"column":4},"end":{"line":14,"column":null}},"3":{"start":{"line":14,"column":27},"end":{"line":14,"column":null}},"4":{"start":{"line":16,"column":16},"end":{"line":16,"column":null}},"5":{"start":{"line":17,"column":18},"end":{"line":17,"column":100}},"6":{"start":{"line":19,"column":10},"end":{"line":19,"column":74}},"7":{"start":{"line":20,"column":4},"end":{"line":25,"column":null}},"8":{"start":{"line":27,"column":4},"end":{"line":27,"column":null}},"9":{"start":{"line":28,"column":4},"end":{"line":28,"column":null}},"10":{"start":{"line":36,"column":2},"end":{"line":68,"column":null}},"11":{"start":{"line":37,"column":17},"end":{"line":37,"column":33}},"12":{"start":{"line":40,"column":19},"end":{"line":40,"column":57}},"13":{"start":{"line":41,"column":4},"end":{"line":42,"column":null}},"14":{"start":{"line":42,"column":6},"end":{"line":42,"column":null}},"15":{"start":{"line":45,"column":17},"end":{"line":45,"column":null}},"16":{"start":{"line":46,"column":16},"end":{"line":46,"column":40}},"17":{"start":{"line":48,"column":65},"end":{"line":48,"column":83}},"18":{"start":{"line":49,"column":20},"end":{"line":53,"column":null}},"19":{"start":{"line":55,"column":4},"end":{"line":57,"column":null}},"20":{"start":{"line":56,"column":6},"end":{"line":57,"column":null}},"21":{"start":{"line":57,"column":8},"end":{"line":57,"column":null}},"22":{"start":{"line":60,"column":4},"end":{"line":61,"column":null}},"23":{"start":{"line":61,"column":6},"end":{"line":61,"column":null}},"24":{"start":{"line":64,"column":4},"end":{"line":64,"column":null}},"25":{"start":{"line":65,"column":4},"end":{"line":65,"column":null}},"26":{"start":{"line":67,"column":4},"end":{"line":67,"column":null}},"27":{"start":{"line":68,"column":4},"end":{"line":68,"column":null}},"28":{"start":{"line":76,"column":2},"end":{"line":82,"column":null}},"29":{"start":{"line":77,"column":4},"end":{"line":77,"column":null}},"30":{"start":{"line":78,"column":4},"end":{"line":78,"column":null}},"31":{"start":{"line":79,"column":4},"end":{"line":79,"column":null}},"32":{"start":{"line":81,"column":4},"end":{"line":81,"column":null}},"33":{"start":{"line":82,"column":4},"end":{"line":82,"column":null}}},"fnMap":{"0":{"name":"GET","decl":{"start":{"line":8,"column":22},"end":{"line":8,"column":null}},"loc":{"start":{"line":11,"column":2},"end":{"line":28,"column":null}},"line":11},"1":{"name":"PUT","decl":{"start":{"line":32,"column":22},"end":{"line":32,"column":null}},"loc":{"start":{"line":35,"column":2},"end":{"line":68,"column":null}},"line":35},"2":{"name":"DELETE","decl":{"start":{"line":72,"column":22},"end":{"line":72,"column":null}},"loc":{"start":{"line":75,"column":2},"end":{"line":82,"column":null}},"line":75}},"branchMap":{"0":{"loc":{"start":{"line":14,"column":4},"end":{"line":14,"column":null}},"type":"if","locations":[{"start":{"line":14,"column":4},"end":{"line":14,"column":null}},{"start":{},"end":{}}],"line":14},"1":{"loc":{"start":{"line":22,"column":28},"end":{"line":22,"column":50}},"type":"binary-expr","locations":[{"start":{"line":22,"column":28},"end":{"line":22,"column":45}},{"start":{"line":22,"column":45},"end":{"line":22,"column":50}}],"line":22},"2":{"loc":{"start":{"line":41,"column":4},"end":{"line":42,"column":null}},"type":"if","locations":[{"start":{"line":41,"column":4},"end":{"line":42,"column":null}},{"start":{},"end":{}}],"line":41},"3":{"loc":{"start":{"line":56,"column":6},"end":{"line":57,"column":null}},"type":"if","locations":[{"start":{"line":56,"column":6},"end":{"line":57,"column":null}},{"start":{},"end":{}}],"line":56},"4":{"loc":{"start":{"line":60,"column":4},"end":{"line":61,"column":null}},"type":"if","locations":[{"start":{"line":60,"column":4},"end":{"line":61,"column":null}},{"start":{},"end":{}}],"line":60}},"s":{"0":2,"1":2,"2":2,"3":1,"4":1,"5":1,"6":1,"7":1,"8":0,"9":0,"10":4,"11":4,"12":4,"13":4,"14":2,"15":2,"16":2,"17":2,"18":2,"19":2,"20":32,"21":3,"22":2,"23":0,"24":2,"25":2,"26":0,"27":0,"28":0,"29":0,"30":0,"31":0,"32":0,"33":0},"f":{"0":2,"1":4,"2":0},"b":{"0":[1,1],"1":[1,0],"2":[2,2],"3":[3,29],"4":[0,2]},"meta":{"lastBranch":5,"lastFunction":3,"lastStatement":34,"seen":{"f:8:22:8:Infinity":0,"s:12:2:28:Infinity":0,"s:13:17:13:89":1,"b:14:4:14:Infinity:undefined:undefined:undefined:undefined":0,"s:14:4:14:Infinity":2,"s:14:27:14:Infinity":3,"s:16:16:16:Infinity":4,"s:17:18:17:100":5,"s:19:10:19:74":6,"s:20:4:25:Infinity":7,"b:22:28:22:45:22:45:22:50":1,"s:27:4:27:Infinity":8,"s:28:4:28:Infinity":9,"f:32:22:32:Infinity":1,"s:36:2:68:Infinity":10,"s:37:17:37:33":11,"s:40:19:40:57":12,"b:41:4:42:Infinity:undefined:undefined:undefined:undefined":2,"s:41:4:42:Infinity":13,"s:42:6:42:Infinity":14,"s:45:17:45:Infinity":15,"s:46:16:46:40":16,"s:48:65:48:83":17,"s:49:20:53:Infinity":18,"s:55:4:57:Infinity":19,"b:56:6:57:Infinity:undefined:undefined:undefined:undefined":3,"s:56:6:57:Infinity":20,"s:57:8:57:Infinity":21,"b:60:4:61:Infinity:undefined:undefined:undefined:undefined":4,"s:60:4:61:Infinity":22,"s:61:6:61:Infinity":23,"s:64:4:64:Infinity":24,"s:65:4:65:Infinity":25,"s:67:4:67:Infinity":26,"s:68:4:68:Infinity":27,"f:72:22:72:Infinity":2,"s:76:2:82:Infinity":28,"s:77:4:77:Infinity":29,"s:78:4:78:Infinity":30,"s:79:4:79:Infinity":31,"s:81:4:81:Infinity":32,"s:82:4:82:Infinity":33}}}
,"/home/openclaw/workarea/compliance-tracker/src/app/api/obligations/[id]/complete/route.ts": {"path":"/home/openclaw/workarea/compliance-tracker/src/app/api/obligations/[id]/complete/route.ts","statementMap":{"0":{"start":{"line":13,"column":2},"end":{"line":66,"column":null}},"1":{"start":{"line":14,"column":17},"end":{"line":14,"column":33}},"2":{"start":{"line":17,"column":19},"end":{"line":17,"column":59}},"3":{"start":{"line":18,"column":4},"end":{"line":19,"column":null}},"4":{"start":{"line":19,"column":6},"end":{"line":19,"column":null}},"5":{"start":{"line":22,"column":17},"end":{"line":22,"column":null}},"6":{"start":{"line":23,"column":16},"end":{"line":23,"column":40}},"7":{"start":{"line":25,"column":17},"end":{"line":25,"column":89}},"8":{"start":{"line":26,"column":4},"end":{"line":26,"column":null}},"9":{"start":{"line":26,"column":27},"end":{"line":26,"column":null}},"10":{"start":{"line":28,"column":23},"end":{"line":28,"column":null}},"11":{"start":{"line":29,"column":10},"end":{"line":29,"column":31}},"12":{"start":{"line":30,"column":26},"end":{"line":30,"column":null}},"13":{"start":{"line":33,"column":4},"end":{"line":61,"column":null}},"14":{"start":{"line":35,"column":6},"end":{"line":43,"column":null}},"15":{"start":{"line":46,"column":67},"end":{"line":49,"column":null}},"16":{"start":{"line":53,"column":6},"end":{"line":57,"column":null}},"17":{"start":{"line":54,"column":25},"end":{"line":56,"column":null}},"18":{"start":{"line":57,"column":8},"end":{"line":57,"column":null}},"19":{"start":{"line":60,"column":6},"end":{"line":60,"column":null}},"20":{"start":{"line":63,"column":4},"end":{"line":63,"column":null}},"21":{"start":{"line":65,"column":4},"end":{"line":65,"column":null}},"22":{"start":{"line":66,"column":4},"end":{"line":66,"column":null}}},"fnMap":{"0":{"name":"POST","decl":{"start":{"line":9,"column":22},"end":{"line":9,"column":null}},"loc":{"start":{"line":12,"column":2},"end":{"line":66,"column":null}},"line":12},"1":{"name":"(anonymous_1)","decl":{"start":{"line":33,"column":25},"end":{"line":33,"column":32}},"loc":{"start":{"line":33,"column":39},"end":{"line":61,"column":null}},"line":33}},"branchMap":{"0":{"loc":{"start":{"line":18,"column":4},"end":{"line":19,"column":null}},"type":"if","locations":[{"start":{"line":18,"column":4},"end":{"line":19,"column":null}},{"start":{},"end":{}}],"line":18},"1":{"loc":{"start":{"line":26,"column":4},"end":{"line":26,"column":null}},"type":"if","locations":[{"start":{"line":26,"column":4},"end":{"line":26,"column":null}},{"start":{},"end":{}}],"line":26},"2":{"loc":{"start":{"line":40,"column":21},"end":{"line":40,"column":null}},"type":"binary-expr","locations":[{"start":{"line":40,"column":21},"end":{"line":40,"column":41}},{"start":{"line":40,"column":41},"end":{"line":40,"column":null}}],"line":40},"3":{"loc":{"start":{"line":41,"column":15},"end":{"line":41,"column":null}},"type":"binary-expr","locations":[{"start":{"line":41,"column":15},"end":{"line":41,"column":29}},{"start":{"line":41,"column":29},"end":{"line":41,"column":null}}],"line":41},"4":{"loc":{"start":{"line":53,"column":6},"end":{"line":57,"column":null}},"type":"if","locations":[{"start":{"line":53,"column":6},"end":{"line":57,"column":null}},{"start":{},"end":{}}],"line":53},"5":{"loc":{"start":{"line":53,"column":10},"end":{"line":53,"column":117}},"type":"binary-expr","locations":[{"start":{"line":53,"column":10},"end":{"line":53,"column":34}},{"start":{"line":53,"column":34},"end":{"line":53,"column":80}},{"start":{"line":53,"column":80},"end":{"line":53,"column":117}}],"line":53},"6":{"loc":{"start":{"line":54,"column":25},"end":{"line":56,"column":null}},"type":"cond-expr","locations":[{"start":{"line":55,"column":12},"end":{"line":55,"column":null}},{"start":{"line":56,"column":12},"end":{"line":56,"column":null}}],"line":54}},"s":{"0":6,"1":6,"2":6,"3":6,"4":1,"5":5,"6":5,"7":5,"8":5,"9":1,"10":4,"11":4,"12":4,"13":4,"14":3,"15":3,"16":3,"17":2,"18":2,"19":3,"20":3,"21":1,"22":1},"f":{"0":6,"1":3},"b":{"0":[1,5],"1":[1,4],"2":[3,2],"3":[3,2],"4":[2,1],"5":[3,3,3],"6":[1,1]},"meta":{"lastBranch":7,"lastFunction":2,"lastStatement":23,"seen":{"f:9:22:9:Infinity":0,"s:13:2:66:Infinity":0,"s:14:17:14:33":1,"s:17:19:17:59":2,"b:18:4:19:Infinity:undefined:undefined:undefined:undefined":0,"s:18:4:19:Infinity":3,"s:19:6:19:Infinity":4,"s:22:17:22:Infinity":5,"s:23:16:23:40":6,"s:25:17:25:89":7,"b:26:4:26:Infinity:undefined:undefined:undefined:undefined":1,"s:26:4:26:Infinity":8,"s:26:27:26:Infinity":9,"s:28:23:28:Infinity":10,"s:29:10:29:31":11,"s:30:26:30:Infinity":12,"s:33:4:61:Infinity":13,"f:33:25:33:32":1,"s:35:6:43:Infinity":14,"b:40:21:40:41:40:41:40:Infinity":2,"b:41:15:41:29:41:29:41:Infinity":3,"s:46:67:49:Infinity":15,"b:53:6:57:Infinity:undefined:undefined:undefined:undefined":4,"s:53:6:57:Infinity":16,"b:53:10:53:34:53:34:53:80:53:80:53:117":5,"s:54:25:56:Infinity":17,"b:55:12:55:Infinity:56:12:56:Infinity":6,"s:57:8:57:Infinity":18,"s:60:6:60:Infinity":19,"s:63:4:63:Infinity":20,"s:65:4:65:Infinity":21,"s:66:4:66:Infinity":22}}}
,"/home/openclaw/workarea/compliance-tracker/src/db/schema.ts": {"path":"/home/openclaw/workarea/compliance-tracker/src/db/schema.ts","statementMap":{"0":{"start":{"line":3,"column":13},"end":{"line":25,"column":2}},"1":{"start":{"line":27,"column":13},"end":{"line":35,"column":2}},"2":{"start":{"line":29,"column":65},"end":{"line":29,"column":80}}},"fnMap":{"0":{"name":"(anonymous_0)","decl":{"start":{"line":29,"column":48},"end":{"line":29,"column":65}},"loc":{"start":{"line":29,"column":65},"end":{"line":29,"column":80}},"line":29}},"branchMap":{},"s":{"0":3,"1":3,"2":0},"f":{"0":0},"b":{},"meta":{"lastBranch":0,"lastFunction":1,"lastStatement":3,"seen":{"s:3:13:25:2":0,"s:27:13:35:2":1,"f:29:48:29:65":0,"s:29:65:29:80":2}}}
,"/home/openclaw/workarea/compliance-tracker/src/lib/utils.ts": {"path":"/home/openclaw/workarea/compliance-tracker/src/lib/utils.ts","statementMap":{"0":{"start":{"line":7,"column":2},"end":{"line":7,"column":null}},"1":{"start":{"line":11,"column":16},"end":{"line":11,"column":26}},"2":{"start":{"line":12,"column":2},"end":{"line":12,"column":null}},"3":{"start":{"line":13,"column":18},"end":{"line":13,"column":39}},"4":{"start":{"line":14,"column":2},"end":{"line":14,"column":null}},"5":{"start":{"line":17,"column":2},"end":{"line":21,"column":null}},"6":{"start":{"line":18,"column":22},"end":{"line":18,"column":49}},"7":{"start":{"line":19,"column":4},"end":{"line":19,"column":null}},"8":{"start":{"line":20,"column":4},"end":{"line":21,"column":null}},"9":{"start":{"line":21,"column":6},"end":{"line":21,"column":null}},"10":{"start":{"line":25,"column":2},"end":{"line":25,"column":null}},"11":{"start":{"line":25,"column":23},"end":{"line":25,"column":null}},"12":{"start":{"line":26,"column":2},"end":{"line":26,"column":null}},"13":{"start":{"line":26,"column":45},"end":{"line":26,"column":null}},"14":{"start":{"line":28,"column":19},"end":{"line":28,"column":92}},"15":{"start":{"line":29,"column":2},"end":{"line":29,"column":null}},"16":{"start":{"line":29,"column":21},"end":{"line":29,"column":null}},"17":{"start":{"line":31,"column":2},"end":{"line":31,"column":null}},"18":{"start":{"line":35,"column":2},"end":{"line":39,"column":null}},"19":{"start":{"line":36,"column":21},"end":{"line":36,"column":null}},"20":{"start":{"line":37,"column":17},"end":{"line":37,"column":null}},"21":{"start":{"line":38,"column":19},"end":{"line":38,"column":null}},"22":{"start":{"line":39,"column":16},"end":{"line":39,"column":null}},"23":{"start":{"line":44,"column":2},"end":{"line":49,"column":null}},"24":{"start":{"line":45,"column":20},"end":{"line":45,"column":null}},"25":{"start":{"line":46,"column":21},"end":{"line":46,"column":null}},"26":{"start":{"line":47,"column":20},"end":{"line":47,"column":null}},"27":{"start":{"line":48,"column":22},"end":{"line":48,"column":null}},"28":{"start":{"line":49,"column":13},"end":{"line":49,"column":null}},"29":{"start":{"line":54,"column":2},"end":{"line":54,"column":null}},"30":{"start":{"line":58,"column":8},"end":{"line":58,"column":43}},"31":{"start":{"line":59,"column":8},"end":{"line":59,"column":38}},"32":{"start":{"line":60,"column":2},"end":{"line":60,"column":null}},"33":{"start":{"line":64,"column":41},"end":{"line":68,"column":null}},"34":{"start":{"line":69,"column":2},"end":{"line":69,"column":null}},"35":{"start":{"line":73,"column":12},"end":{"line":73,"column":29}},"36":{"start":{"line":74,"column":2},"end":{"line":79,"column":null}},"37":{"start":{"line":75,"column":19},"end":{"line":75,"column":55}},"38":{"start":{"line":75,"column":55},"end":{"line":75,"column":null}},"39":{"start":{"line":76,"column":22},"end":{"line":76,"column":52}},"40":{"start":{"line":76,"column":52},"end":{"line":76,"column":null}},"41":{"start":{"line":77,"column":20},"end":{"line":77,"column":50}},"42":{"start":{"line":77,"column":50},"end":{"line":77,"column":null}},"43":{"start":{"line":78,"column":19},"end":{"line":78,"column":47}},"44":{"start":{"line":78,"column":47},"end":{"line":78,"column":null}},"45":{"start":{"line":79,"column":13},"end":{"line":79,"column":null}},"46":{"start":{"line":81,"column":2},"end":{"line":81,"column":null}}},"fnMap":{"0":{"name":"cn","decl":{"start":{"line":6,"column":16},"end":{"line":6,"column":19}},"loc":{"start":{"line":6,"column":44},"end":{"line":7,"column":null}},"line":6},"1":{"name":"computeStatus","decl":{"start":{"line":10,"column":16},"end":{"line":10,"column":30}},"loc":{"start":{"line":10,"column":94},"end":{"line":31,"column":null}},"line":10},"2":{"name":"getRiskColor","decl":{"start":{"line":34,"column":16},"end":{"line":34,"column":29}},"loc":{"start":{"line":34,"column":54},"end":{"line":39,"column":null}},"line":34},"3":{"name":"getStatusColor","decl":{"start":{"line":43,"column":16},"end":{"line":43,"column":31}},"loc":{"start":{"line":43,"column":55},"end":{"line":49,"column":null}},"line":43},"4":{"name":"formatDate","decl":{"start":{"line":53,"column":16},"end":{"line":53,"column":27}},"loc":{"start":{"line":53,"column":52},"end":{"line":54,"column":null}},"line":53},"5":{"name":"getDaysUntil","decl":{"start":{"line":57,"column":16},"end":{"line":57,"column":29}},"loc":{"start":{"line":57,"column":54},"end":{"line":60,"column":null}},"line":57},"6":{"name":"getCategoryLabel","decl":{"start":{"line":63,"column":16},"end":{"line":63,"column":33}},"loc":{"start":{"line":63,"column":54},"end":{"line":69,"column":null}},"line":63},"7":{"name":"computeNextDueDate","decl":{"start":{"line":72,"column":16},"end":{"line":72,"column":35}},"loc":{"start":{"line":72,"column":79},"end":{"line":81,"column":null}},"line":72}},"branchMap":{"0":{"loc":{"start":{"line":17,"column":2},"end":{"line":21,"column":null}},"type":"if","locations":[{"start":{"line":17,"column":2},"end":{"line":21,"column":null}},{"start":{},"end":{}}],"line":17},"1":{"loc":{"start":{"line":20,"column":4},"end":{"line":21,"column":null}},"type":"if","locations":[{"start":{"line":20,"column":4},"end":{"line":21,"column":null}},{"start":{},"end":{}}],"line":20},"2":{"loc":{"start":{"line":20,"column":8},"end":{"line":20,"column":50}},"type":"binary-expr","locations":[{"start":{"line":20,"column":8},"end":{"line":20,"column":32}},{"start":{"line":20,"column":32},"end":{"line":20,"column":50}}],"line":20},"3":{"loc":{"start":{"line":25,"column":2},"end":{"line":25,"column":null}},"type":"if","locations":[{"start":{"line":25,"column":2},"end":{"line":25,"column":null}},{"start":{},"end":{}}],"line":25},"4":{"loc":{"start":{"line":26,"column":2},"end":{"line":26,"column":null}},"type":"if","locations":[{"start":{"line":26,"column":2},"end":{"line":26,"column":null}},{"start":{},"end":{}}],"line":26},"5":{"loc":{"start":{"line":29,"column":2},"end":{"line":29,"column":null}},"type":"if","locations":[{"start":{"line":29,"column":2},"end":{"line":29,"column":null}},{"start":{},"end":{}}],"line":29},"6":{"loc":{"start":{"line":35,"column":2},"end":{"line":39,"column":null}},"type":"switch","locations":[{"start":{"line":36,"column":4},"end":{"line":36,"column":null}},{"start":{"line":37,"column":4},"end":{"line":37,"column":null}},{"start":{"line":38,"column":4},"end":{"line":38,"column":null}},{"start":{"line":39,"column":4},"end":{"line":39,"column":null}}],"line":35},"7":{"loc":{"start":{"line":44,"column":2},"end":{"line":49,"column":null}},"type":"switch","locations":[{"start":{"line":45,"column":4},"end":{"line":45,"column":null}},{"start":{"line":46,"column":4},"end":{"line":46,"column":null}},{"start":{"line":47,"column":4},"end":{"line":47,"column":null}},{"start":{"line":48,"column":4},"end":{"line":48,"column":null}},{"start":{"line":49,"column":4},"end":{"line":49,"column":null}}],"line":44},"8":{"loc":{"start":{"line":69,"column":9},"end":{"line":69,"column":null}},"type":"binary-expr","locations":[{"start":{"line":69,"column":9},"end":{"line":69,"column":24}},{"start":{"line":69,"column":24},"end":{"line":69,"column":null}}],"line":69},"9":{"loc":{"start":{"line":74,"column":2},"end":{"line":79,"column":null}},"type":"switch","locations":[{"start":{"line":75,"column":4},"end":{"line":75,"column":null}},{"start":{"line":76,"column":4},"end":{"line":76,"column":null}},{"start":{"line":77,"column":4},"end":{"line":77,"column":null}},{"start":{"line":78,"column":4},"end":{"line":78,"column":null}},{"start":{"line":79,"column":4},"end":{"line":79,"column":null}}],"line":74}},"s":{"0":0,"1":10,"2":10,"3":10,"4":10,"5":10,"6":4,"7":4,"8":4,"9":2,"10":8,"11":4,"12":4,"13":1,"14":3,"15":3,"16":2,"17":1,"18":0,"19":0,"20":0,"21":0,"22":0,"23":0,"24":0,"25":0,"26":0,"27":0,"28":0,"29":0,"30":0,"31":0,"32":0,"33":0,"34":0,"35":8,"36":8,"37":3,"38":3,"39":2,"40":2,"41":1,"42":1,"43":1,"44":1,"45":1,"46":8},"f":{"0":0,"1":10,"2":0,"3":0,"4":0,"5":0,"6":0,"7":8},"b":{"0":[4,6],"1":[2,2],"2":[4,3],"3":[4,4],"4":[1,3],"5":[2,1],"6":[0,0,0,0],"7":[0,0,0,0,0],"8":[0,0],"9":[3,2,1,1,1]},"meta":{"lastBranch":10,"lastFunction":8,"lastStatement":47,"seen":{"f:6:16:6:19":0,"s:7:2:7:Infinity":0,"f:10:16:10:30":1,"s:11:16:11:26":1,"s:12:2:12:Infinity":2,"s:13:18:13:39":3,"s:14:2:14:Infinity":4,"b:17:2:21:Infinity:undefined:undefined:undefined:undefined":0,"s:17:2:21:Infinity":5,"s:18:22:18:49":6,"s:19:4:19:Infinity":7,"b:20:4:21:Infinity:undefined:undefined:undefined:undefined":1,"s:20:4:21:Infinity":8,"b:20:8:20:32:20:32:20:50":2,"s:21:6:21:Infinity":9,"b:25:2:25:Infinity:undefined:undefined:undefined:undefined":3,"s:25:2:25:Infinity":10,"s:25:23:25:Infinity":11,"b:26:2:26:Infinity:undefined:undefined:undefined:undefined":4,"s:26:2:26:Infinity":12,"s:26:45:26:Infinity":13,"s:28:19:28:92":14,"b:29:2:29:Infinity:undefined:undefined:undefined:undefined":5,"s:29:2:29:Infinity":15,"s:29:21:29:Infinity":16,"s:31:2:31:Infinity":17,"f:34:16:34:29":2,"b:36:4:36:Infinity:37:4:37:Infinity:38:4:38:Infinity:39:4:39:Infinity":6,"s:35:2:39:Infinity":18,"s:36:21:36:Infinity":19,"s:37:17:37:Infinity":20,"s:38:19:38:Infinity":21,"s:39:16:39:Infinity":22,"f:43:16:43:31":3,"b:45:4:45:Infinity:46:4:46:Infinity:47:4:47:Infinity:48:4:48:Infinity:49:4:49:Infinity":7,"s:44:2:49:Infinity":23,"s:45:20:45:Infinity":24,"s:46:21:46:Infinity":25,"s:47:20:47:Infinity":26,"s:48:22:48:Infinity":27,"s:49:13:49:Infinity":28,"f:53:16:53:27":4,"s:54:2:54:Infinity":29,"f:57:16:57:29":5,"s:58:8:58:43":30,"s:59:8:59:38":31,"s:60:2:60:Infinity":32,"f:63:16:63:33":6,"s:64:41:68:Infinity":33,"s:69:2:69:Infinity":34,"b:69:9:69:24:69:24:69:Infinity":8,"f:72:16:72:35":7,"s:73:12:73:29":35,"b:75:4:75:Infinity:76:4:76:Infinity:77:4:77:Infinity:78:4:78:Infinity:79:4:79:Infinity":9,"s:74:2:79:Infinity":36,"s:75:19:75:55":37,"s:75:55:75:Infinity":38,"s:76:22:76:52":39,"s:76:52:76:Infinity":40,"s:77:20:77:50":41,"s:77:50:77:Infinity":42,"s:78:19:78:47":43,"s:78:47:78:Infinity":44,"s:79:13:79:Infinity":45,"s:81:2:81:Infinity":46}}}
,"/home/openclaw/workarea/compliance-tracker/src/lib/validation.ts": {"path":"/home/openclaw/workarea/compliance-tracker/src/lib/validation.ts","statementMap":{"0":{"start":{"line":3,"column":38},"end":{"line":32,"column":2}},"1":{"start":{"line":34,"column":38},"end":{"line":63,"column":2}},"2":{"start":{"line":65,"column":40},"end":{"line":70,"column":2}}},"fnMap":{},"branchMap":{},"s":{"0":4,"1":4,"2":4},"f":{},"b":{},"meta":{"lastBranch":0,"lastFunction":0,"lastStatement":3,"seen":{"s:3:38:32:2":0,"s:34:38:63:2":1,"s:65:40:70:2":2}}}
}
